<?xml version="1.0" encoding="UTF-8"?>
<!-- Generated by org.testng.reporters.JUnitReportReporter -->
<testsuite skipped="0" hostname="LAPTOP-QLHBD8RE" name="org.test.vinoth" tests="1" failures="0" timestamp="14 Oct 2022 11:27:07 GMT" time="7.044" errors="0">
  <testcase name="test1" time="7.044" classname="org.test.vinoth"/>
</testsuite> <!-- org.test.vinoth -->
